<?xml version="1.0" encoding="UTF-8"?>
<robot generator="Robot 7.3.2 (Python 3.12.3 on linux)" generated="2025-11-17T11:58:54.829943" rpa="false" schemaversion="5">
<suite id="s1" name="Home" source="/home/aokiveka/ohtuvarasto/viikko3/login/src/tests/home.robot">
<kw name="Open And Configure Browser" owner="resource" type="SETUP">
<if>
<branch type="IF" condition="$BROWSER == 'chrome'">
<kw name="Evaluate" owner="BuiltIn">
<msg time="2025-11-17T11:58:54.933209" level="INFO">${options} = &lt;selenium.webdriver.chrome.options.Options object at 0x73e853921280&gt;</msg>
<var>${options}</var>
<arg>sys.modules['selenium.webdriver'].ChromeOptions()</arg>
<arg>sys</arg>
<doc>Evaluates the given expression in Python and returns the result.</doc>
<status status="PASS" start="2025-11-17T11:58:54.932974" elapsed="0.000266"/>
</kw>
<kw name="Call Method" owner="BuiltIn">
<arg>${options}</arg>
<arg>add_argument</arg>
<arg>--incognito</arg>
<doc>Calls the named method of the given object with the provided arguments.</doc>
<status status="PASS" start="2025-11-17T11:58:54.933357" elapsed="0.000107"/>
</kw>
<status status="PASS" start="2025-11-17T11:58:54.932542" elapsed="0.000959"/>
</branch>
<branch type="ELSE IF" condition="$BROWSER == 'firefox'">
<kw name="Evaluate" owner="BuiltIn">
<var>${options}</var>
<arg>sys.modules['selenium.webdriver'].FirefoxOptions()</arg>
<arg>sys</arg>
<doc>Evaluates the given expression in Python and returns the result.</doc>
<status status="NOT RUN" start="2025-11-17T11:58:54.933606" elapsed="0.000016"/>
</kw>
<kw name="Call Method" owner="BuiltIn">
<arg>${options}</arg>
<arg>add_argument</arg>
<arg>--private-window</arg>
<doc>Calls the named method of the given object with the provided arguments.</doc>
<status status="NOT RUN" start="2025-11-17T11:58:54.933677" elapsed="0.000015"/>
</kw>
<status status="NOT RUN" start="2025-11-17T11:58:54.933535" elapsed="0.000180"/>
</branch>
<status status="PASS" start="2025-11-17T11:58:54.932519" elapsed="0.001220"/>
</if>
<if>
<branch type="IF" condition="$HEADLESS == 'true'">
<kw name="Set Selenium Speed" owner="SeleniumLibrary">
<arg>0.05 seconds</arg>
<doc>Sets the delay that is waited after each Selenium command.</doc>
<status status="NOT RUN" start="2025-11-17T11:58:54.933899" elapsed="0.000016"/>
</kw>
<kw name="Call Method" owner="BuiltIn">
<arg>${options}</arg>
<arg>add_argument</arg>
<arg>--headless</arg>
<doc>Calls the named method of the given object with the provided arguments.</doc>
<status status="NOT RUN" start="2025-11-17T11:58:54.933966" elapsed="0.000170"/>
</kw>
<status status="NOT RUN" start="2025-11-17T11:58:54.933779" elapsed="0.000390"/>
</branch>
<branch type="ELSE">
<kw name="Set Selenium Speed" owner="SeleniumLibrary">
<arg>${DELAY}</arg>
<doc>Sets the delay that is waited after each Selenium command.</doc>
<status status="PASS" start="2025-11-17T11:58:54.934266" elapsed="0.000203"/>
</kw>
<status status="PASS" start="2025-11-17T11:58:54.934194" elapsed="0.000307"/>
</branch>
<status status="PASS" start="2025-11-17T11:58:54.933768" elapsed="0.000755"/>
</if>
<kw name="Open Browser" owner="SeleniumLibrary">
<msg time="2025-11-17T11:58:54.934774" level="INFO">Opening browser 'chrome' to base url 'None'.</msg>
<arg>browser=${BROWSER}</arg>
<arg>options=${options}</arg>
<doc>Opens a new browser instance to the optional ``url``.</doc>
<status status="PASS" start="2025-11-17T11:58:54.934599" elapsed="0.642795"/>
</kw>
<status status="PASS" start="2025-11-17T11:58:54.932357" elapsed="0.645193"/>
</kw>
<test id="s1-t1" name="Click Login Link" line="8">
<kw name="Reset Application And Go To Starting Page" type="SETUP">
<kw name="Reset Application" owner="AppLibrary">
<status status="PASS" start="2025-11-17T11:58:55.578645" elapsed="0.004963"/>
</kw>
<kw name="Go To Starting Page" owner="resource">
<kw name="Go To" owner="SeleniumLibrary">
<msg time="2025-11-17T11:58:55.584372" level="INFO">Opening url 'http://localhost:5001'</msg>
<arg>${HOME_URL}</arg>
<doc>Navigates the current browser window to the provided ``url``.</doc>
<status status="PASS" start="2025-11-17T11:58:55.584205" elapsed="0.575875"/>
</kw>
<status status="PASS" start="2025-11-17T11:58:55.583946" elapsed="0.576321"/>
</kw>
<status status="PASS" start="2025-11-17T11:58:55.578241" elapsed="0.582127"/>
</kw>
<kw name="Click Link" owner="SeleniumLibrary">
<msg time="2025-11-17T11:58:56.161062" level="INFO">Clicking link 'Login'.</msg>
<arg>Login</arg>
<doc>Clicks a link identified by ``locator``.</doc>
<status status="PASS" start="2025-11-17T11:58:56.160623" elapsed="1.627014"/>
</kw>
<kw name="Login Page Should Be Open" owner="resource">
<kw name="Title Should Be" owner="SeleniumLibrary">
<msg time="2025-11-17T11:58:58.295379" level="INFO">Page title is 'Login'.</msg>
<arg>Login</arg>
<doc>Verifies that the current page title equals ``title``.</doc>
<status status="PASS" start="2025-11-17T11:58:57.788532" elapsed="0.507022"/>
</kw>
<status status="PASS" start="2025-11-17T11:58:57.787932" elapsed="0.507761"/>
</kw>
<status status="PASS" start="2025-11-17T11:58:55.577655" elapsed="2.718287"/>
</test>
<test id="s1-t2" name="Click Register Link" line="12">
<kw name="Reset Application And Go To Starting Page" type="SETUP">
<kw name="Reset Application" owner="AppLibrary">
<status status="PASS" start="2025-11-17T11:58:58.297433" elapsed="0.003770"/>
</kw>
<kw name="Go To Starting Page" owner="resource">
<kw name="Go To" owner="SeleniumLibrary">
<msg time="2025-11-17T11:58:58.302095" level="INFO">Opening url 'http://localhost:5001'</msg>
<arg>${HOME_URL}</arg>
<doc>Navigates the current browser window to the provided ``url``.</doc>
<status status="PASS" start="2025-11-17T11:58:58.301899" elapsed="0.524076"/>
</kw>
<status status="PASS" start="2025-11-17T11:58:58.301555" elapsed="0.525313"/>
</kw>
<status status="PASS" start="2025-11-17T11:58:58.296968" elapsed="0.530406"/>
</kw>
<kw name="Click Link" owner="SeleniumLibrary">
<msg time="2025-11-17T11:58:58.828667" level="INFO">Clicking link 'Register new user'.</msg>
<arg>Register new user</arg>
<doc>Clicks a link identified by ``locator``.</doc>
<status status="PASS" start="2025-11-17T11:58:58.828031" elapsed="1.615791"/>
</kw>
<kw name="Register Page Should Be Open" owner="resource">
<kw name="Title Should Be" owner="SeleniumLibrary">
<msg time="2025-11-17T11:59:00.956591" level="INFO">Page title is 'Register'.</msg>
<arg>Register</arg>
<doc>Verifies that the current page title equals ``title``.</doc>
<status status="PASS" start="2025-11-17T11:59:00.445793" elapsed="0.511168"/>
</kw>
<status status="PASS" start="2025-11-17T11:59:00.444806" elapsed="0.512460"/>
</kw>
<status status="PASS" start="2025-11-17T11:58:58.296323" elapsed="2.661500"/>
</test>
<kw name="Close Browser" owner="SeleniumLibrary" type="TEARDOWN">
<doc>Closes the current browser.</doc>
<status status="PASS" start="2025-11-17T11:59:00.959217" elapsed="0.576921"/>
</kw>
<status status="PASS" start="2025-11-17T11:58:54.830559" elapsed="6.705643"/>
</suite>
<statistics>
<total>
<stat pass="2" fail="0" skip="0">All Tests</stat>
</total>
<tag>
</tag>
<suite>
<stat name="Home" id="s1" pass="2" fail="0" skip="0">Home</stat>
</suite>
</statistics>
<errors>
</errors>
</robot>
